#
# There is insufficient memory for the Java Runtime Environment to continue.
# Native memory allocation (malloc) failed to allocate 1048576 bytes for AllocateHeap
# Possible reasons:
#   The system is out of physical RAM or swap space
#   The process is running with CompressedOops enabled, and the Java Heap may be blocking the growth of the native heap
# Possible solutions:
#   Reduce memory load on the system
#   Increase physical memory or swap space
#   Check if swap backing store is full
#   Decrease Java heap size (-Xmx/-Xms)
#   Decrease number of Java threads
#   Decrease Java thread stack sizes (-Xss)
#   Set larger code cache with -XX:ReservedCodeCacheSize=
#   JVM is running with Unscaled Compressed Oops mode in which the Java heap is
#     placed in the first 4GB address space. The Java Heap base address is the
#     maximum limit for the native heap growth. Please use -XX:HeapBaseMinAddress
#     to set the Java Heap base and to place the Java Heap above 4GB virtual address.
# This output file may be truncated or incomplete.
#
#  Out of Memory Error (memory/allocation.inline.hpp:61), pid=7196, tid=0x00000000000007f4
#
# JRE version:  (8.0_242-b01) (build )
# Java VM: OpenJDK 64-Bit Server VM (25.242-b01 mixed mode windows-amd64 compressed oops)
# Failed to write core dump. Minidumps are not enabled by default on client versions of Windows
#

---------------  T H R E A D  ---------------

Current thread (0x0000000000c6d800):  JavaThread "Unknown thread" [_thread_in_vm, id=2036, stack(0x0000000002620000,0x0000000002720000)]

Stack: [0x0000000002620000,0x0000000002720000]
[error occurred during error reporting (printing stack bounds), id 0xc0000005]

Native frames: (J=compiled Java code, j=interpreted, Vv=VM code, C=native code)


---------------  P R O C E S S  ---------------

Java Threads: ( => current thread )

Other Threads:

=>0x0000000000c6d800 (exited) JavaThread "Unknown thread" [_thread_in_vm, id=2036, stack(0x0000000002620000,0x0000000002720000)]

VM state:not at safepoint (normal execution)

VM Mutex/Monitor currently owned by a thread: None

heap address: 0x0000000082600000, size: 2010 MB, Compressed Oops mode: 32-bit
Narrow klass base: 0x0000000000000000, Narrow klass shift: 3
Compressed class space size: 1073741824 Address: 0x0000000100000000

Heap:
 PSYoungGen      total 37888K, used 655K [0x00000000d6200000, 0x00000000d8c00000, 0x0000000100000000)
  eden space 32768K, 2% used [0x00000000d6200000,0x00000000d62a3d80,0x00000000d8200000)
  from space 5120K, 0% used [0x00000000d8700000,0x00000000d8700000,0x00000000d8c00000)
  to   space 5120K, 0% used [0x00000000d8200000,0x00000000d8200000,0x00000000d8700000)
 ParOldGen       total 86016K, used 0K [0x0000000082600000, 0x0000000087a00000, 0x00000000d6200000)
  object space 86016K, 0% used [0x0000000082600000,0x0000000082600000,0x0000000087a00000)
 Metaspace       used 779K, capacity 4480K, committed 4480K, reserved 1056768K
  class space    used 74K, capacity 384K, committed 384K, reserved 1048576K

Card table byte_map: [0x0000000011be0000,0x0000000011fd0000] byte_map_base: 0x00000000117cd000

Marking Bits: (ParMarkBitMap*) 0x000000006010f030
 Begin Bits: [0x0000000012a70000, 0x00000000149d8000)
 End Bits:   [0x00000000149d8000, 0x0000000016940000)

Polling page: 0x00000000007d0000

CodeCache: size=245760Kb used=328Kb max_used=328Kb free=245431Kb
 bounds [0x0000000002820000, 0x0000000002a90000, 0x0000000011820000]
 total_blobs=57 nmethods=0 adapters=38
 compilation: enabled

Compilation events (0 events):
No events

GC Heap History (0 events):
No events

Deoptimization events (0 events):
No events

Classes redefined (0 events):
No events

Internal exceptions (0 events):
No events

Events (10 events):
Event: 0.041 loading class java/lang/Short
Event: 0.041 loading class java/lang/Short done
Event: 0.041 loading class java/lang/Integer
Event: 0.042 loading class java/lang/Integer done
Event: 0.042 loading class java/lang/Long
Event: 0.042 loading class java/lang/Long done
Event: 0.043 loading class java/lang/NullPointerException
Event: 0.043 loading class java/lang/NullPointerException done
Event: 0.043 loading class java/lang/ArithmeticException
Event: 0.043 loading class java/lang/ArithmeticException done


Dynamic libraries:
0x00007ff6647e0000 - 0x00007ff664811000 	C:\Program Files\Android\Android Studio\jre\bin\java.EXE
0x00007ffa01f80000 - 0x00007ffa02170000 	C:\Windows\SYSTEM32\ntdll.dll
0x00007ffa00ca0000 - 0x00007ffa00d52000 	C:\Windows\System32\KERNEL32.DLL
0x00007ff9ff330000 - 0x00007ff9ff5d5000 	C:\Windows\System32\KERNELBASE.dll
0x00007ffa012d0000 - 0x00007ffa01373000 	C:\Windows\System32\ADVAPI32.dll
0x00007ffa00c00000 - 0x00007ffa00c9e000 	C:\Windows\System32\msvcrt.dll
0x00007ffa013f0000 - 0x00007ffa01487000 	C:\Windows\System32\sechost.dll
0x00007ffa01630000 - 0x00007ffa01750000 	C:\Windows\System32\RPCRT4.dll
0x00007ffa01490000 - 0x00007ffa01625000 	C:\Windows\System32\USER32.dll
0x00007ff9fef10000 - 0x00007ff9fef31000 	C:\Windows\System32\win32u.dll
0x00007ffa01380000 - 0x00007ffa013a6000 	C:\Windows\System32\GDI32.dll
0x00007ff9fefa0000 - 0x00007ff9ff136000 	C:\Windows\System32\gdi32full.dll
0x00007ff9ff290000 - 0x00007ff9ff32e000 	C:\Windows\System32\msvcp_win.dll
0x00007ff9ff5e0000 - 0x00007ff9ff6da000 	C:\Windows\System32\ucrtbase.dll
0x00007ff9eae70000 - 0x00007ff9eb0f4000 	C:\Windows\WinSxS\amd64_microsoft.windows.common-controls_6595b64144ccf1df_6.0.18362.1082_none_9e8193e1e45b25c1\COMCTL32.dll
0x00007ffa00d60000 - 0x00007ffa01095000 	C:\Windows\System32\combase.dll
0x00007ff9fff80000 - 0x00007ffa00000000 	C:\Windows\System32\bcryptPrimitives.dll
0x00007ffa013b0000 - 0x00007ffa013de000 	C:\Windows\System32\IMM32.DLL
0x000000005f7a0000 - 0x000000005f872000 	C:\Program Files\Android\Android Studio\jre\jre\bin\msvcr100.dll
0x000000005f940000 - 0x000000006018b000 	C:\Program Files\Android\Android Studio\jre\jre\bin\server\jvm.dll
0x00007ffa013e0000 - 0x00007ffa013e8000 	C:\Windows\System32\PSAPI.DLL
0x00007ff9f53b0000 - 0x00007ff9f53d4000 	C:\Windows\SYSTEM32\WINMM.dll
0x00007ff9fc6f0000 - 0x00007ff9fc6fa000 	C:\Windows\SYSTEM32\VERSION.dll
0x00007ff9f4f30000 - 0x00007ff9f4f5d000 	C:\Windows\SYSTEM32\WINMMBASE.dll
0x00007ff9fff30000 - 0x00007ff9fff7a000 	C:\Windows\System32\cfgmgr32.dll
0x00007ff9fc7f0000 - 0x00007ff9fc7f9000 	C:\Windows\SYSTEM32\WSOCK32.dll
0x00007ffa01bc0000 - 0x00007ffa01c2f000 	C:\Windows\System32\WS2_32.dll
0x00007ff9fc7e0000 - 0x00007ff9fc7ef000 	C:\Program Files\Android\Android Studio\jre\jre\bin\verify.dll
0x00007ff9fc7b0000 - 0x00007ff9fc7d9000 	C:\Program Files\Android\Android Studio\jre\jre\bin\java.dll
0x00007ff9f5250000 - 0x00007ff9f5266000 	C:\Program Files\Android\Android Studio\jre\jre\bin\zip.dll

VM Arguments:
java_command: <unknown>
java_class_path (initial): .
Launcher Type: SUN_STANDARD

Environment Variables:
JAVA_HOME=C:\Program Files\Java\jdk-14.0.1
PATH=C:\Windows\system32;C:\Windows;C:\Windows\System32\Wbem;C:\Windows\System32\WindowsPowerShell\v1.0\;C:\Windows\System32\OpenSSH\;C:\Program Files (x86)\NVIDIA Corporation\PhysX\Common;C:\Program Files\NVIDIA Corporation\NVIDIA NvDLISR;C:\Program Files\Java\jdk-14.0.1\bin;C:\Program Files\Git\cmd;C:\src\flutter\bin;C:\Users\Amandeep Singh Saini\AppData\Local\Microsoft\WindowsApps;
USERNAME=Amandeep Singh Saini
OS=Windows_NT
PROCESSOR_IDENTIFIER=Intel64 Family 6 Model 158 Stepping 10, GenuineIntel



---------------  S Y S T E M  ---------------

OS: Windows 10.0 , 64 bit Build 18362 (10.0.18362.1082)

CPU:total 8 (initial active 8) (4 cores per cpu, 2 threads per core) family 6 model 158 stepping 10, cmov, cx8, fxsr, mmx, sse, sse2, sse3, ssse3, sse4.1, sse4.2, popcnt, avx, avx2, aes, clmul, erms, 3dnowpref, lzcnt, ht, tsc, tscinvbit, bmi1, bmi2, adx

Memory: 4k page, physical 8229716k(416156k free), swap 16421716k(16124k free)

vm_info: OpenJDK 64-Bit Server VM (25.242-b01) for windows-amd64 JRE (1.8.0_242-release-1644-b01), built by "builder" with MS VC++ 10.0 (VS2010)

time: Thu Oct 08 09:36:49 2020
timezone: India Standard Time
elapsed time: 0 seconds (0d 0h 0m 0s)

