#
# There is insufficient memory for the Java Runtime Environment to continue.
# Native memory allocation (mmap) failed to map 2064384 bytes for Failed to commit area from 0x00000234c3e60000 to 0x00000234c4058000 of length 2064384.
# Possible reasons:
#   The system is out of physical RAM or swap space
#   The process is running with CompressedOops enabled, and the Java Heap may be blocking the growth of the native heap
# Possible solutions:
#   Reduce memory load on the system
#   Increase physical memory or swap space
#   Check if swap backing store is full
#   Decrease Java heap size (-Xmx/-Xms)
#   Decrease number of Java threads
#   Decrease Java thread stack sizes (-Xss)
#   Set larger code cache with -XX:ReservedCodeCacheSize=
#   JVM is running with Unscaled Compressed Oops mode in which the Java heap is
#     placed in the first 4GB address space. The Java Heap base address is the
#     maximum limit for the native heap growth. Please use -XX:HeapBaseMinAddress
#     to set the Java Heap base and to place the Java Heap above 4GB virtual address.
# This output file may be truncated or incomplete.
#
#  Out of Memory Error (./open/src/hotspot/os/windows/os_windows.cpp:3315), pid=15756, tid=7360
#
# JRE version:  (14.0.1+7) (build )
# Java VM: Java HotSpot(TM) 64-Bit Server VM (14.0.1+7, mixed mode, sharing, tiered, compressed oops, g1 gc, windows-amd64)
# No core dump will be written. Minidumps are not enabled by default on client versions of Windows
#

---------------  S U M M A R Y ------------

Command Line: -Dorg.gradle.appname=gradlew org.gradle.wrapper.GradleWrapperMain -q -Ptarget-platform=android-arm64 -Ptarget=D:\project\covid19app\lib\main.dart -Ptrack-widget-creation=true -Pfilesystem-scheme=org-dartlang-root -Pdart-defines=flutter.inspector.structuredErrors%3Dtrue assembleDebug

Host: Intel(R) Core(TM) i5-9300H CPU @ 2.40GHz, 8 cores, 7G,  Windows 10 , 64 bit Build 18362 (10.0.18362.1082)
Time: Thu Oct  8 09:36:49 2020 India Standard Time elapsed time: 0 seconds (0d 0h 0m 0s)

---------------  T H R E A D  ---------------

Current thread (0x00000234ab7bd000):  JavaThread "Unknown thread" [_thread_in_vm, id=7360, stack(0x000000f725600000,0x000000f725700000)]

Stack: [0x000000f725600000,0x000000f725700000]
Native frames: (J=compiled Java code, j=interpreted, Vv=VM code, C=native code)
V  [jvm.dll+0x5f840a]
V  [jvm.dll+0x741e4a]
V  [jvm.dll+0x7435ff]
V  [jvm.dll+0x743c43]
V  [jvm.dll+0x20d288]
V  [jvm.dll+0x5f57ba]
V  [jvm.dll+0x5ea615]
V  [jvm.dll+0x2c7e9c]
V  [jvm.dll+0x2c7cd2]
V  [jvm.dll+0x2cdbbc]
V  [jvm.dll+0x31400b]
V  [jvm.dll+0x313720]
V  [jvm.dll+0x2a092a]
V  [jvm.dll+0x2a1a79]
V  [jvm.dll+0x71f718]
V  [jvm.dll+0x321c44]
V  [jvm.dll+0x700b0c]
V  [jvm.dll+0x392dff]
V  [jvm.dll+0x394e71]
C  [jli.dll+0x523b]
C  [ucrtbase.dll+0x20e82]
C  [KERNEL32.DLL+0x17bd4]
C  [ntdll.dll+0x6ce51]


---------------  P R O C E S S  ---------------

Threads class SMR info:
_java_thread_list=0x00007ff9b63a3078, length=0, elements={
}

Java Threads: ( => current thread )

Other Threads:
  0x00000234ab7ff000 GCTaskThread "GC Thread#0" [stack: 0x000000f725700000,0x000000f725800000] [id=4368]
  0x00000234ab811800 ConcurrentGCThread "G1 Main Marker" [stack: 0x000000f725800000,0x000000f725900000] [id=2632]
  0x00000234ab813800 ConcurrentGCThread "G1 Conc#0" [stack: 0x000000f725900000,0x000000f725a00000] [id=7736]

[error occurred during error reporting (printing all threads), id 0xc0000005, EXCEPTION_ACCESS_VIOLATION (0xc0000005) at pc=0x00007ff9b5bd1257]

VM state:not at safepoint (not fully initialized)

VM Mutex/Monitor currently owned by a thread:  ([mutex/lock_event])
[0x00000234ab7b9780] Heap_lock - owner thread: 0x00000234ab7bd000

Heap address: 0x0000000082600000, size: 2010 MB, Compressed Oops mode: 32-bit
Narrow klass base: 0x0000000000000000, Narrow klass shift: 0

GC Heap History (0 events):
No events

Deoptimization events (0 events):
No events

Classes unloaded (0 events):
No events

Classes redefined (0 events):
No events

Internal exceptions (0 events):
No events

Events (2 events):
Event: 0.036 Loaded shared library C:\Program Files\Java\jdk-14.0.1\bin\java.dll
Event: 0.042 Loaded shared library C:\Program Files\Java\jdk-14.0.1\bin\zip.dll


Dynamic libraries:
0x00007ff784c30000 - 0x00007ff784c3f000 	C:\Program Files\Java\jdk-14.0.1\bin\java.exe
0x00007ffa01f80000 - 0x00007ffa02170000 	C:\Windows\SYSTEM32\ntdll.dll
0x00007ffa00ca0000 - 0x00007ffa00d52000 	C:\Windows\System32\KERNEL32.DLL
0x00007ff9ff330000 - 0x00007ff9ff5d5000 	C:\Windows\System32\KERNELBASE.dll
0x00007ff9ff5e0000 - 0x00007ff9ff6da000 	C:\Windows\System32\ucrtbase.dll
0x00007ff9f4050000 - 0x00007ff9f4065000 	C:\Program Files\Java\jdk-14.0.1\bin\VCRUNTIME140.dll
0x00007ff9f4070000 - 0x00007ff9f4088000 	C:\Program Files\Java\jdk-14.0.1\bin\jli.dll
0x00007ffa012d0000 - 0x00007ffa01373000 	C:\Windows\System32\ADVAPI32.dll
0x00007ffa00c00000 - 0x00007ffa00c9e000 	C:\Windows\System32\msvcrt.dll
0x00007ffa013f0000 - 0x00007ffa01487000 	C:\Windows\System32\sechost.dll
0x00007ffa01630000 - 0x00007ffa01750000 	C:\Windows\System32\RPCRT4.dll
0x00007ffa01490000 - 0x00007ffa01625000 	C:\Windows\System32\USER32.dll
0x00007ff9fef10000 - 0x00007ff9fef31000 	C:\Windows\System32\win32u.dll
0x00007ffa01380000 - 0x00007ffa013a6000 	C:\Windows\System32\GDI32.dll
0x00007ff9eae70000 - 0x00007ff9eb0f4000 	C:\Windows\WinSxS\amd64_microsoft.windows.common-controls_6595b64144ccf1df_6.0.18362.1082_none_9e8193e1e45b25c1\COMCTL32.dll
0x00007ff9fefa0000 - 0x00007ff9ff136000 	C:\Windows\System32\gdi32full.dll
0x00007ff9ff290000 - 0x00007ff9ff32e000 	C:\Windows\System32\msvcp_win.dll
0x00007ffa00d60000 - 0x00007ffa01095000 	C:\Windows\System32\combase.dll
0x00007ff9fff80000 - 0x00007ffa00000000 	C:\Windows\System32\bcryptPrimitives.dll
0x00007ff9fc6f0000 - 0x00007ff9fc6fa000 	C:\Windows\SYSTEM32\VERSION.dll
0x00007ffa013b0000 - 0x00007ffa013de000 	C:\Windows\System32\IMM32.DLL
0x00007ff9ba5c0000 - 0x00007ff9ba65b000 	C:\Program Files\Java\jdk-14.0.1\bin\msvcp140.dll
0x00007ff9b5920000 - 0x00007ff9b643e000 	C:\Program Files\Java\jdk-14.0.1\bin\server\jvm.dll
0x00007ffa013e0000 - 0x00007ffa013e8000 	C:\Windows\System32\PSAPI.DLL
0x00007ff9fc7f0000 - 0x00007ff9fc7f9000 	C:\Windows\SYSTEM32\WSOCK32.dll
0x00007ffa01bc0000 - 0x00007ffa01c2f000 	C:\Windows\System32\WS2_32.dll
0x00007ff9f53b0000 - 0x00007ff9f53d4000 	C:\Windows\SYSTEM32\WINMM.dll
0x00007ff9f4f30000 - 0x00007ff9f4f5d000 	C:\Windows\SYSTEM32\WINMMBASE.dll
0x00007ff9fff30000 - 0x00007ff9fff7a000 	C:\Windows\System32\cfgmgr32.dll
0x00007ff9feef0000 - 0x00007ff9fef01000 	C:\Windows\System32\kernel.appcore.dll
0x00007ff9f3f70000 - 0x00007ff9f3f7a000 	C:\Program Files\Java\jdk-14.0.1\bin\jimage.dll
0x00007ff9fd5f0000 - 0x00007ff9fd7e4000 	C:\Windows\SYSTEM32\DBGHELP.DLL
0x00007ff9f4f00000 - 0x00007ff9f4f2a000 	C:\Windows\SYSTEM32\dbgcore.DLL
0x00007ff9efb20000 - 0x00007ff9efb45000 	C:\Program Files\Java\jdk-14.0.1\bin\java.dll
0x00007ff9f06d0000 - 0x00007ff9f06e6000 	C:\Program Files\Java\jdk-14.0.1\bin\zip.dll

dbghelp: loaded successfully - version: 4.0.5 - missing functions: none
symbol engine: initialized successfully - sym options: 0x614 - pdb path: .;C:\Program Files\Java\jdk-14.0.1\bin;C:\Windows\SYSTEM32;C:\Windows\WinSxS\amd64_microsoft.windows.common-controls_6595b64144ccf1df_6.0.18362.1082_none_9e8193e1e45b25c1;C:\Program Files\Java\jdk-14.0.1\bin\server

VM Arguments:
jvm_args: -Dorg.gradle.appname=gradlew 
java_command: org.gradle.wrapper.GradleWrapperMain -q -Ptarget-platform=android-arm64 -Ptarget=D:\project\covid19app\lib\main.dart -Ptrack-widget-creation=true -Pfilesystem-scheme=org-dartlang-root -Pdart-defines=flutter.inspector.structuredErrors%3Dtrue assembleDebug
java_class_path (initial): D:\project\covid19app\android\\gradle\wrapper\gradle-wrapper.jar
Launcher Type: SUN_STANDARD

[Global flags]
     intx CICompilerCount                          = 4                                         {product} {ergonomic}
     uint ConcGCThreads                            = 2                                         {product} {ergonomic}
     uint G1ConcRefinementThreads                  = 8                                         {product} {ergonomic}
   size_t G1HeapRegionSize                         = 1048576                                   {product} {ergonomic}
    uintx GCDrainStackTargetSize                   = 64                                        {product} {ergonomic}
   size_t InitialHeapSize                          = 132120576                                 {product} {ergonomic}
   size_t MarkStackSize                            = 4194304                                   {product} {ergonomic}
   size_t MaxHeapSize                              = 2107637760                                {product} {ergonomic}
   size_t MinHeapDeltaBytes                        = 1048576                                   {product} {ergonomic}
   size_t MinHeapSize                              = 8388608                                   {product} {ergonomic}
    uintx NonNMethodCodeHeapSize                   = 5839372                                {pd product} {ergonomic}
    uintx NonProfiledCodeHeapSize                  = 122909434                              {pd product} {ergonomic}
    uintx ProfiledCodeHeapSize                     = 122909434                              {pd product} {ergonomic}
    uintx ReservedCodeCacheSize                    = 251658240                              {pd product} {ergonomic}
     bool SegmentedCodeCache                       = true                                      {product} {ergonomic}
   size_t SoftMaxHeapSize                          = 2107637760                             {manageable} {ergonomic}
     bool UseCompressedClassPointers               = true                                 {lp64_product} {ergonomic}
     bool UseCompressedOops                        = true                                 {lp64_product} {ergonomic}
     bool UseG1GC                                  = true                                      {product} {ergonomic}
     bool UseLargePagesIndividualAllocation        = false                                  {pd product} {ergonomic}

Logging:
Log output configuration:
 #0: stdout all=warning uptime,level,tags
 #1: stderr all=off uptime,level,tags

Environment Variables:
JAVA_HOME=C:\Program Files\Java\jdk-14.0.1
CLASSPATH=D:\project\covid19app\android\\gradle\wrapper\gradle-wrapper.jar
PATH=C:\Windows\system32;C:\Windows;C:\Windows\System32\Wbem;C:\Windows\System32\WindowsPowerShell\v1.0\;C:\Windows\System32\OpenSSH\;C:\Program Files (x86)\NVIDIA Corporation\PhysX\Common;C:\Program Files\NVIDIA Corporation\NVIDIA NvDLISR;C:\Program Files\Java\jdk-14.0.1\bin;C:\Program Files\Git\cmd;C:\src\flutter\bin;C:\Users\Amandeep Singh Saini\AppData\Local\Microsoft\WindowsApps;
USERNAME=Amandeep Singh Saini
OS=Windows_NT
PROCESSOR_IDENTIFIER=Intel64 Family 6 Model 158 Stepping 10, GenuineIntel



---------------  S Y S T E M  ---------------

OS: Windows 10 , 64 bit Build 18362 (10.0.18362.1082)
OS uptime: 1 days 22:31 hours

CPU:total 8 (initial active 8) (4 cores per cpu, 2 threads per core) family 6 model 158 stepping 10, cmov, cx8, fxsr, mmx, sse, sse2, sse3, ssse3, sse4.1, sse4.2, popcnt, avx, avx2, aes, clmul, erms, 3dnowpref, lzcnt, ht, tsc, tscinvbit, bmi1, bmi2, adx, fma

Memory: 4k page, system-wide physical 8036M (482M free)
TotalPageFile size 16036M (AvailPageFile size 4M)
current process WorkingSet (physical memory assigned to process): 10M, peak: 10M
current process commit charge ("private bytes"): 186M, peak: 188M

vm_info: Java HotSpot(TM) 64-Bit Server VM (14.0.1+7) for windows-amd64 JRE (14.0.1+7), built on Mar  5 2020 10:30:14 by "mach5one" with MS VC++ 15.9 (VS2017)

END.
