#
# There is insufficient memory for the Java Runtime Environment to continue.
# Native memory allocation (malloc) failed to allocate 32744 bytes for ChunkPool::allocate
# Possible reasons:
#   The system is out of physical RAM or swap space
#   The process is running with CompressedOops enabled, and the Java Heap may be blocking the growth of the native heap
# Possible solutions:
#   Reduce memory load on the system
#   Increase physical memory or swap space
#   Check if swap backing store is full
#   Decrease Java heap size (-Xmx/-Xms)
#   Decrease number of Java threads
#   Decrease Java thread stack sizes (-Xss)
#   Set larger code cache with -XX:ReservedCodeCacheSize=
#   JVM is running with Unscaled Compressed Oops mode in which the Java heap is
#     placed in the first 4GB address space. The Java Heap base address is the
#     maximum limit for the native heap growth. Please use -XX:HeapBaseMinAddress
#     to set the Java Heap base and to place the Java Heap above 4GB virtual address.
# This output file may be truncated or incomplete.
#
#  Out of Memory Error (allocation.cpp:272), pid=20756, tid=0x000000000000140c
#
# JRE version: OpenJDK Runtime Environment (8.0_242-b01) (build 1.8.0_242-release-1644-b01)
# Java VM: OpenJDK 64-Bit Server VM (25.242-b01 mixed mode windows-amd64 compressed oops)
# Failed to write core dump. Minidumps are not enabled by default on client versions of Windows
#

---------------  T H R E A D  ---------------

Current thread (0x00000000194e7000):  JavaThread "C2 CompilerThread1" daemon [_thread_in_native, id=5132, stack(0x0000000019eb0000,0x0000000019fb0000)]

Stack: [0x0000000019eb0000,0x0000000019fb0000]
[error occurred during error reporting (printing stack bounds), id 0xc0000005]

Native frames: (J=compiled Java code, j=interpreted, Vv=VM code, C=native code)


Current CompileTask:
C2:   5788  998       4       org.gradle.internal.logging.text.AbstractLineChoppingStyledTextOutput$2::execute (73 bytes)


---------------  P R O C E S S  ---------------

Java Threads: ( => current thread )
  0x000000001af14800 JavaThread "Forward input" [_thread_blocked, id=18452, stack(0x000000001c3c0000,0x000000001c4c0000)]
  0x000000001af14000 JavaThread "DisconnectableInputStream source reader" daemon [_thread_in_native, id=7904, stack(0x000000001c2c0000,0x000000001c3c0000)]
  0x000000001aa98800 JavaThread "pool-1-thread-1" [_thread_in_native, id=10780, stack(0x000000001bb80000,0x000000001bc80000)]
  0x000000001957c000 JavaThread "Service Thread" daemon [_thread_blocked, id=12768, stack(0x000000001a1b0000,0x000000001a2b0000)]
  0x00000000194f6800 JavaThread "C1 CompilerThread3" daemon [_thread_blocked, id=11240, stack(0x000000001a0b0000,0x000000001a1b0000)]
  0x00000000194f0000 JavaThread "C2 CompilerThread2" daemon [_thread_blocked, id=9772, stack(0x0000000019fb0000,0x000000001a0b0000)]
=>0x00000000194e7000 JavaThread "C2 CompilerThread1" daemon [_thread_in_native, id=5132, stack(0x0000000019eb0000,0x0000000019fb0000)]
  0x00000000194e4000 JavaThread "C2 CompilerThread0" daemon [_thread_in_native, id=21836, stack(0x0000000019db0000,0x0000000019eb0000)]
  0x00000000194e2000 JavaThread "Attach Listener" daemon [_thread_blocked, id=6900, stack(0x0000000019cb0000,0x0000000019db0000)]
  0x00000000194e1800 JavaThread "Signal Dispatcher" daemon [_thread_blocked, id=18464, stack(0x0000000019bb0000,0x0000000019cb0000)]
  0x00000000194d0800 JavaThread "Finalizer" daemon [_thread_blocked, id=17828, stack(0x00000000199b0000,0x0000000019ab0000)]
  0x00000000027a8800 JavaThread "Reference Handler" daemon [_thread_blocked, id=11196, stack(0x00000000198b0000,0x00000000199b0000)]
  0x000000000265e800 JavaThread "main" [_thread_in_native, id=10808, stack(0x0000000002540000,0x0000000002640000)]

Other Threads:
  0x00000000176a6800 VMThread [stack: 0x00000000193b0000,0x00000000194b0000] [id=16196]
  0x000000001954f800 WatcherThread [stack: 0x000000001a2b0000,0x000000001a3b0000] [id=19500]

VM state:not at safepoint (normal execution)

VM Mutex/Monitor currently owned by a thread: None

heap address: 0x0000000082600000, size: 2010 MB, Compressed Oops mode: 32-bit
Narrow klass base: 0x0000000000000000, Narrow klass shift: 3
Compressed class space size: 1073741824 Address: 0x0000000100000000

Heap:
 PSYoungGen      total 37888K, used 12734K [0x00000000d6200000, 0x00000000d8c00000, 0x0000000100000000)
  eden space 32768K, 24% used [0x00000000d6200000,0x00000000d69db460,0x00000000d8200000)
  from space 5120K, 91% used [0x00000000d8200000,0x00000000d8694418,0x00000000d8700000)
  to   space 5120K, 0% used [0x00000000d8700000,0x00000000d8700000,0x00000000d8c00000)
 ParOldGen       total 86016K, used 8K [0x0000000082600000, 0x0000000087a00000, 0x00000000d6200000)
  object space 86016K, 0% used [0x0000000082600000,0x0000000082602000,0x0000000087a00000)
 Metaspace       used 10646K, capacity 10946K, committed 11264K, reserved 1058816K
  class space    used 1389K, capacity 1501K, committed 1536K, reserved 1048576K

Card table byte_map: [0x0000000011b70000,0x0000000011f60000] byte_map_base: 0x000000001175d000

Marking Bits: (ParMarkBitMap*) 0x000000006496f030
 Begin Bits: [0x0000000012a00000, 0x0000000014968000)
 End Bits:   [0x0000000014968000, 0x00000000168d0000)

Polling page: 0x0000000000d20000

CodeCache: size=245760Kb used=3474Kb max_used=3480Kb free=242285Kb
 bounds [0x00000000027b0000, 0x0000000002b20000, 0x00000000117b0000]
 total_blobs=1366 nmethods=1007 adapters=273
 compilation: enabled

Compilation events (10 events):
Event: 5.783 Thread 0x00000000194f6800  993       3       java.io.PrintStream::ensureOpen (18 bytes)
Event: 5.783 Thread 0x00000000194e4000  996       4       org.gradle.internal.logging.text.AbstractLineChoppingStyledTextOutput$StateContext::hasChar (22 bytes)
Event: 5.783 Thread 0x00000000194f6800 nmethod 993 0x0000000002b0b390 code [0x0000000002b0b500, 0x0000000002b0b748]
Event: 5.783 Thread 0x00000000194f6800  994  s    3       java.io.BufferedOutputStream::flush (12 bytes)
Event: 5.783 Thread 0x00000000194f0000  997       4       org.gradle.internal.logging.text.AbstractLineChoppingStyledTextOutput$1::execute (9 bytes)
Event: 5.783 Thread 0x00000000194e4000 nmethod 996 0x0000000002b0d010 code [0x0000000002b0d140, 0x0000000002b0d1b8]
Event: 5.783 Thread 0x00000000194f6800 nmethod 994 0x0000000002b0df10 code [0x0000000002b0e0a0, 0x0000000002b0e598]
Event: 5.783 Thread 0x00000000194f6800  995       3       java.io.OutputStream::flush (1 bytes)
Event: 5.783 Thread 0x00000000194f6800 nmethod 995 0x0000000002b0b090 code [0x0000000002b0b1e0, 0x0000000002b0b330]
Event: 5.786 Thread 0x00000000194e7000  998       4       org.gradle.internal.logging.text.AbstractLineChoppingStyledTextOutput$2::execute (73 bytes)

GC Heap History (2 events):
Event: 0.823 GC heap before
{Heap before GC invocations=1 (full 0):
 PSYoungGen      total 37888K, used 32768K [0x00000000d6200000, 0x00000000d8c00000, 0x0000000100000000)
  eden space 32768K, 100% used [0x00000000d6200000,0x00000000d8200000,0x00000000d8200000)
  from space 5120K, 0% used [0x00000000d8700000,0x00000000d8700000,0x00000000d8c00000)
  to   space 5120K, 0% used [0x00000000d8200000,0x00000000d8200000,0x00000000d8700000)
 ParOldGen       total 86016K, used 0K [0x0000000082600000, 0x0000000087a00000, 0x00000000d6200000)
  object space 86016K, 0% used [0x0000000082600000,0x0000000082600000,0x0000000087a00000)
 Metaspace       used 8727K, capacity 8990K, committed 9216K, reserved 1056768K
  class space    used 1137K, capacity 1229K, committed 1280K, reserved 1048576K
Event: 0.830 GC heap after
Heap after GC invocations=1 (full 0):
 PSYoungGen      total 37888K, used 4689K [0x00000000d6200000, 0x00000000d8c00000, 0x0000000100000000)
  eden space 32768K, 0% used [0x00000000d6200000,0x00000000d6200000,0x00000000d8200000)
  from space 5120K, 91% used [0x00000000d8200000,0x00000000d8694418,0x00000000d8700000)
  to   space 5120K, 0% used [0x00000000d8700000,0x00000000d8700000,0x00000000d8c00000)
 ParOldGen       total 86016K, used 8K [0x0000000082600000, 0x0000000087a00000, 0x00000000d6200000)
  object space 86016K, 0% used [0x0000000082600000,0x0000000082602000,0x0000000087a00000)
 Metaspace       used 8727K, capacity 8990K, committed 9216K, reserved 1056768K
  class space    used 1137K, capacity 1229K, committed 1280K, reserved 1048576K
}

Deoptimization events (8 events):
Event: 0.582 Thread 0x000000000265e800 Uncommon trap: reason=unstable_if action=reinterpret pc=0x000000000294a300 method=java.util.regex.Matcher.reset()Ljava/util/regex/Matcher; @ 47
Event: 0.582 Thread 0x000000000265e800 Uncommon trap: reason=class_check action=maybe_recompile pc=0x000000000294e68c method=java.util.regex.Matcher.match(II)Z @ 86
Event: 0.582 Thread 0x000000000265e800 Uncommon trap: reason=class_check action=maybe_recompile pc=0x000000000294e68c method=java.util.regex.Matcher.match(II)Z @ 86
Event: 0.583 Thread 0x000000000265e800 Uncommon trap: reason=class_check action=maybe_recompile pc=0x000000000294e68c method=java.util.regex.Matcher.match(II)Z @ 86
Event: 0.583 Thread 0x000000000265e800 Uncommon trap: reason=class_check action=maybe_recompile pc=0x000000000294e68c method=java.util.regex.Matcher.match(II)Z @ 86
Event: 0.756 Thread 0x000000000265e800 Uncommon trap: reason=unstable_if action=reinterpret pc=0x0000000002a3d4e8 method=java.util.HashMap.hash(Ljava/lang/Object;)I @ 1
Event: 0.849 Thread 0x000000000265e800 Uncommon trap: reason=unstable_if action=reinterpret pc=0x0000000002a306bc method=java.util.HashMap.getNode(ILjava/lang/Object;)Ljava/util/HashMap$Node; @ 129
Event: 0.849 Thread 0x000000000265e800 Uncommon trap: reason=class_check action=maybe_recompile pc=0x0000000002a3af10 method=java.util.HashMap.putVal(ILjava/lang/Object;Ljava/lang/Object;ZZ)Ljava/lang/Object; @ 203

Classes redefined (0 events):
No events

Internal exceptions (10 events):
Event: 0.756 Thread 0x000000000265e800 Implicit null exception at 0x0000000002a3d2d5 to 0x0000000002a3d4d9
Event: 0.763 Thread 0x000000000265e800 Exception <a 'java/lang/ArrayIndexOutOfBoundsException'> (0x00000000d7e781c8) thrown at [C:\src\AOSP-openjdk-git\hotspot\src\share\vm\runtime\sharedRuntime.cpp, line 605]
Event: 0.764 Thread 0x000000000265e800 Exception <a 'java/lang/ArrayIndexOutOfBoundsException'> (0x00000000d7e7c6a8) thrown at [C:\src\AOSP-openjdk-git\hotspot\src\share\vm\runtime\sharedRuntime.cpp, line 605]
Event: 0.767 Thread 0x000000000265e800 Exception <a 'java/lang/ArrayIndexOutOfBoundsException'> (0x00000000d7ee0d68) thrown at [C:\src\AOSP-openjdk-git\hotspot\src\share\vm\runtime\sharedRuntime.cpp, line 605]
Event: 0.768 Thread 0x000000000265e800 Exception <a 'java/lang/ArrayIndexOutOfBoundsException'> (0x00000000d7ee2130) thrown at [C:\src\AOSP-openjdk-git\hotspot\src\share\vm\runtime\sharedRuntime.cpp, line 605]
Event: 0.768 Thread 0x000000000265e800 Exception <a 'java/lang/ArrayIndexOutOfBoundsException'> (0x00000000d7ee37b0) thrown at [C:\src\AOSP-openjdk-git\hotspot\src\share\vm\runtime\sharedRuntime.cpp, line 605]
Event: 0.768 Thread 0x000000000265e800 Exception <a 'java/lang/ArrayIndexOutOfBoundsException'> (0x00000000d7ee48e8) thrown at [C:\src\AOSP-openjdk-git\hotspot\src\share\vm\runtime\sharedRuntime.cpp, line 605]
Event: 0.768 Thread 0x000000000265e800 Exception <a 'java/lang/ArrayIndexOutOfBoundsException'> (0x00000000d7ee7ff0) thrown at [C:\src\AOSP-openjdk-git\hotspot\src\share\vm\runtime\sharedRuntime.cpp, line 605]
Event: 0.803 Thread 0x000000000265e800 Exception <a 'java/lang/NoSuchFieldError': method resolution failed> (0x00000000d80b7f30) thrown at [C:\src\AOSP-openjdk-git\hotspot\src\share\vm\prims\methodHandles.cpp, line 1167]
Event: 0.805 Thread 0x000000000265e800 Exception <a 'java/lang/NoSuchFieldError': method resolution failed> (0x00000000d80c5a08) thrown at [C:\src\AOSP-openjdk-git\hotspot\src\share\vm\prims\methodHandles.cpp, line 1167]

Events (10 events):
Event: 2.053 loading class java/io/Bits
Event: 2.053 loading class java/io/Bits done
Event: 2.054 loading class org/gradle/internal/serialize/ExceptionReplacingObjectInputStream$1
Event: 2.054 loading class org/gradle/internal/serialize/ExceptionReplacingObjectInputStream$1 done
Event: 2.073 loading class org/gradle/internal/logging/text/AbstractLineChoppingStyledTextOutput$StateContext
Event: 2.073 loading class org/gradle/internal/logging/text/AbstractLineChoppingStyledTextOutput$StateContext done
Event: 3.251 Thread 0x000000000265e800 DEOPT PACKING pc=0x0000000002ace616 sp=0x000000000263d530
Event: 3.251 Thread 0x000000000265e800 DEOPT UNPACKING pc=0x00000000027f75d0 sp=0x000000000263d250 mode 0
Event: 4.138 Executing VM operation: EnableBiasedLocking
Event: 4.138 Executing VM operation: EnableBiasedLocking done


Dynamic libraries:
0x00007ff705d40000 - 0x00007ff705d71000 	C:\Program Files\Android\Android Studio\jre\bin\java.exe
0x00007ffaef6c0000 - 0x00007ffaef8b0000 	C:\Windows\SYSTEM32\ntdll.dll
0x00007ffaef140000 - 0x00007ffaef1f2000 	C:\Windows\System32\KERNEL32.DLL
0x00007ffaecfd0000 - 0x00007ffaed275000 	C:\Windows\System32\KERNELBASE.dll
0x00007ffaef5d0000 - 0x00007ffaef673000 	C:\Windows\System32\ADVAPI32.dll
0x00007ffaed920000 - 0x00007ffaed9be000 	C:\Windows\System32\msvcrt.dll
0x00007ffaede30000 - 0x00007ffaedec7000 	C:\Windows\System32\sechost.dll
0x00007ffaed770000 - 0x00007ffaed890000 	C:\Windows\System32\RPCRT4.dll
0x00007ffaee9b0000 - 0x00007ffaeeb45000 	C:\Windows\System32\USER32.dll
0x00007ffaed740000 - 0x00007ffaed761000 	C:\Windows\System32\win32u.dll
0x00007ffaef370000 - 0x00007ffaef396000 	C:\Windows\System32\GDI32.dll
0x00007ffaed5a0000 - 0x00007ffaed736000 	C:\Windows\System32\gdi32full.dll
0x00007ffaed280000 - 0x00007ffaed31e000 	C:\Windows\System32\msvcp_win.dll
0x00007ffaec6a0000 - 0x00007ffaec79a000 	C:\Windows\System32\ucrtbase.dll
0x00007ffad82a0000 - 0x00007ffad8524000 	C:\Windows\WinSxS\amd64_microsoft.windows.common-controls_6595b64144ccf1df_6.0.18362.1082_none_9e8193e1e45b25c1\COMCTL32.dll
0x00007ffaeecd0000 - 0x00007ffaef005000 	C:\Windows\System32\combase.dll
0x00007ffaed3d0000 - 0x00007ffaed450000 	C:\Windows\System32\bcryptPrimitives.dll
0x00007ffaef4d0000 - 0x00007ffaef4fe000 	C:\Windows\System32\IMM32.DLL
0x00000000640c0000 - 0x0000000064192000 	C:\Program Files\Android\Android Studio\jre\jre\bin\msvcr100.dll
0x00000000641a0000 - 0x00000000649eb000 	C:\Program Files\Android\Android Studio\jre\jre\bin\server\jvm.dll
0x00007ffaef200000 - 0x00007ffaef208000 	C:\Windows\System32\PSAPI.DLL
0x00007ffae4f50000 - 0x00007ffae4f74000 	C:\Windows\SYSTEM32\WINMM.dll
0x00007ffae2c40000 - 0x00007ffae2c49000 	C:\Windows\SYSTEM32\WSOCK32.dll
0x00007ffae3370000 - 0x00007ffae337a000 	C:\Windows\SYSTEM32\VERSION.dll
0x00007ffaef460000 - 0x00007ffaef4cf000 	C:\Windows\System32\WS2_32.dll
0x00007ffae4f20000 - 0x00007ffae4f4d000 	C:\Windows\SYSTEM32\WINMMBASE.dll
0x00007ffaec650000 - 0x00007ffaec69a000 	C:\Windows\System32\cfgmgr32.dll
0x00007ffae2b80000 - 0x00007ffae2b8f000 	C:\Program Files\Android\Android Studio\jre\jre\bin\verify.dll
0x00007ffae28b0000 - 0x00007ffae28d9000 	C:\Program Files\Android\Android Studio\jre\jre\bin\java.dll
0x00007ffae2890000 - 0x00007ffae28a6000 	C:\Program Files\Android\Android Studio\jre\jre\bin\zip.dll
0x00007ffaee110000 - 0x00007ffaee7f7000 	C:\Windows\System32\SHELL32.dll
0x00007ffaeebb0000 - 0x00007ffaeec59000 	C:\Windows\System32\shcore.dll
0x00007ffaec850000 - 0x00007ffaecfd0000 	C:\Windows\System32\windows.storage.dll
0x00007ffaec620000 - 0x00007ffaec643000 	C:\Windows\System32\profapi.dll
0x00007ffaec5b0000 - 0x00007ffaec5fa000 	C:\Windows\System32\powrprof.dll
0x00007ffaec580000 - 0x00007ffaec590000 	C:\Windows\System32\UMPDC.dll
0x00007ffaeeb50000 - 0x00007ffaeeba2000 	C:\Windows\System32\shlwapi.dll
0x00007ffaec590000 - 0x00007ffaec5a1000 	C:\Windows\System32\kernel.appcore.dll
0x00007ffaed3b0000 - 0x00007ffaed3c7000 	C:\Windows\System32\cryptsp.dll
0x00007ffac42f0000 - 0x00007ffac430a000 	C:\Program Files\Android\Android Studio\jre\jre\bin\net.dll
0x00007ffaebdd0000 - 0x00007ffaebe37000 	C:\Windows\system32\mswsock.dll
0x00007ffac19f0000 - 0x00007ffac1a03000 	C:\Program Files\Android\Android Studio\jre\jre\bin\nio.dll
0x00007ffaaeac0000 - 0x00007ffaaeae6000 	C:\Users\Amandeep Singh Saini\.gradle\native\30\windows-amd64\native-platform.dll
0x00007ffadda90000 - 0x00007ffadda9d000 	C:\Program Files\Android\Android Studio\jre\jre\bin\management.dll
0x00007ffaeb940000 - 0x00007ffaeb973000 	C:\Windows\system32\rsaenh.dll
0x00007ffaed320000 - 0x00007ffaed346000 	C:\Windows\System32\bcrypt.dll
0x00007ffaec460000 - 0x00007ffaec485000 	C:\Windows\SYSTEM32\USERENV.dll
0x00007ffaebfa0000 - 0x00007ffaebfac000 	C:\Windows\SYSTEM32\CRYPTBASE.dll
0x00007ffaebae0000 - 0x00007ffaebb1a000 	C:\Windows\SYSTEM32\IPHLPAPI.DLL
0x00007ffaed890000 - 0x00007ffaed898000 	C:\Windows\System32\NSI.dll
0x00007ffae1d10000 - 0x00007ffae1d26000 	C:\Windows\SYSTEM32\dhcpcsvc6.DLL
0x00007ffae2330000 - 0x00007ffae234c000 	C:\Windows\SYSTEM32\dhcpcsvc.DLL
0x00007ffaebb30000 - 0x00007ffaebbfb000 	C:\Windows\SYSTEM32\DNSAPI.dll

VM Arguments:
jvm_args: -Dorg.gradle.appname=gradlew 
java_command: org.gradle.wrapper.GradleWrapperMain -q -Ptarget-platform=android-x86 -Ptarget=D:\project\covid19app\lib\main.dart -Ptrack-widget-creation=true -Pfilesystem-scheme=org-dartlang-root -Pdart-defines=flutter.inspector.structuredErrors%3Dtrue assembleDebug
java_class_path (initial): D:\project\covid19app\android\\gradle\wrapper\gradle-wrapper.jar
Launcher Type: SUN_STANDARD

Environment Variables:
JAVA_HOME=C:\Program Files\Android\Android Studio\jre
CLASSPATH=D:\project\covid19app\android\\gradle\wrapper\gradle-wrapper.jar
PATH=C:\Windows\system32;C:\Windows;C:\Windows\System32\Wbem;C:\Windows\System32\WindowsPowerShell\v1.0\;C:\Windows\System32\OpenSSH\;C:\Program Files (x86)\NVIDIA Corporation\PhysX\Common;C:\Program Files\NVIDIA Corporation\NVIDIA NvDLISR;C:\Program Files\Java\jdk-14.0.1\bin;C:\Program Files\Git\cmd;C:\src\flutter\bin;C:\Users\Amandeep Singh Saini\AppData\Local\Microsoft\WindowsApps;
USERNAME=Amandeep Singh Saini
OS=Windows_NT
PROCESSOR_IDENTIFIER=Intel64 Family 6 Model 158 Stepping 10, GenuineIntel



---------------  S Y S T E M  ---------------

OS: Windows 10.0 , 64 bit Build 18362 (10.0.18362.1082)

CPU:total 8 (initial active 8) (4 cores per cpu, 2 threads per core) family 6 model 158 stepping 10, cmov, cx8, fxsr, mmx, sse, sse2, sse3, ssse3, sse4.1, sse4.2, popcnt, avx, avx2, aes, clmul, erms, 3dnowpref, lzcnt, ht, tsc, tscinvbit, bmi1, bmi2, adx

Memory: 4k page, physical 8229716k(489220k free), swap 16421716k(248k free)

vm_info: OpenJDK 64-Bit Server VM (25.242-b01) for windows-amd64 JRE (1.8.0_242-release-1644-b01), built by "builder" with MS VC++ 10.0 (VS2010)

time: Tue Sep 22 12:45:37 2020
timezone: India Standard Time
elapsed time: 5 seconds (0d 0h 0m 5s)

